[2026-06-07T09:21:47.273Z] createNotification called with params: {"title":"🔔 Test Notification","message":"This is a test notification to verify the system works end-to-end.","type":"system","priority":"Medium","module":"system","reference_id":"test-001","recipient_user_id":"cmq20ien80000x8xn6kc4gzqg"}
[2026-06-07T09:21:47.295Z] [createNotification] Failed to create for user cmq20ien80000x8xn6kc4gzqg. Error: Cannot read properties of undefined (reading 'create'). Stack: TypeError: Cannot read properties of undefined (reading 'create')
    at createNotification (C:\Users\alira\Desktop\fyp\Final-Year-Project\smart-hotel-template\.next\dev\server\chunks\smart-hotel-template_src_services_notificationService_ts_0v.b5fj._.js:47:207)
    at GET (C:\Users\alira\Desktop\fyp\Final-Year-Project\smart-hotel-template\.next\dev\server\chunks\[root-of-the-server]__11rklkc._.js:801:36)
    at process.processTicksAndRejections (node:internal/process/task_queues:103:5)
    at async AppRouteRouteModule.do (C:\Users\alira\Desktop\fyp\Final-Year-Project\smart-hotel-template\node_modules\next\dist\compiled\next-server\app-route-turbo.runtime.dev.js:5:40115)
    at async AppRouteRouteModule.handle (C:\Users\alira\Desktop\fyp\Final-Year-Project\smart-hotel-template\node_modules\next\dist\compiled\next-server\app-route-turbo.runtime.dev.js:5:47395)
    at async responseGenerator (C:\Users\alira\Desktop\fyp\Final-Year-Project\smart-hotel-template\.next\dev\server\chunks\[root-of-the-server]__0ofzhrs._.js:23561:38)
    at async AppRouteRouteModule.handleResponse (C:\Users\alira\Desktop\fyp\Final-Year-Project\smart-hotel-template\node_modules\next\dist\compiled\next-server\app-route-turbo.runtime.dev.js:1:228552)
    at async handleResponse (C:\Users\alira\Desktop\fyp\Final-Year-Project\smart-hotel-template\.next\dev\server\chunks\[root-of-the-server]__0ofzhrs._.js:23624:32)
    at async Module.handler (C:\Users\alira\Desktop\fyp\Final-Year-Project\smart-hotel-template\.next\dev\server\chunks\[root-of-the-server]__0ofzhrs._.js:23678:13)
    at async DevServer.renderToResponseWithComponentsImpl (C:\Users\alira\Desktop\fyp\Final-Year-Project\smart-hotel-template\node_modules\next\dist\server\base-server.js:1462:9)
    at async DevServer.renderPageComponent (C:\Users\alira\Desktop\fyp\Final-Year-Project\smart-hotel-template\node_modules\next\dist\server\base-server.js:1514:24)
    at async DevServer.renderToResponseImpl (C:\Users\alira\Desktop\fyp\Final-Year-Project\smart-hotel-template\node_modules\next\dist\server\base-server.js:1564:32)
    at async DevServer.pipeImpl (C:\Users\alira\Desktop\fyp\Final-Year-Project\smart-hotel-template\node_modules\next\dist\server\base-server.js:1044:25)
    at async NextNodeServer.handleCatchallRenderRequest (C:\Users\alira\Desktop\fyp\Final-Year-Project\smart-hotel-template\node_modules\next\dist\server\next-server.js:338:17)
    at async DevServer.handleRequestImpl (C:\Users\alira\Desktop\fyp\Final-Year-Project\smart-hotel-template\node_modules\next\dist\server\base-server.js:935:17)
    at async C:\Users\alira\Desktop\fyp\Final-Year-Project\smart-hotel-template\node_modules\next\dist\server\dev\next-dev-server.js:394:20
    at async Span.traceAsyncFn (C:\Users\alira\Desktop\fyp\Final-Year-Project\smart-hotel-template\node_modules\next\dist\trace\trace.js:164:20)
    at async DevServer.handleRequest (C:\Users\alira\Desktop\fyp\Final-Year-Project\smart-hotel-template\node_modules\next\dist\server\dev\next-dev-server.js:390:24)
    at async invokeRender (C:\Users\alira\Desktop\fyp\Final-Year-Project\smart-hotel-template\node_modules\next\dist\server\lib\router-server.js:266:21)
    at async handleRequest (C:\Users\alira\Desktop\fyp\Final-Year-Project\smart-hotel-template\node_modules\next\dist\server\lib\router-server.js:465:24)
    at async requestHandlerImpl (C:\Users\alira\Desktop\fyp\Final-Year-Project\smart-hotel-template\node_modules\next\dist\server\lib\router-server.js:514:13)
    at async Server.requestListener (C:\Users\alira\Desktop\fyp\Final-Year-Project\smart-hotel-template\node_modules\next\dist\server\lib\start-server.js:225:13)
[2026-06-07T09:21:47.567Z] createNotification called with params: {"title":"📢 Broadcast Test","message":"This is a broadcast test notification sent to all ADMINs.","type":"system","priority":"Low","module":"system","role_target":"ADMIN"}
[2026-06-07T09:21:47.569Z] createNotification routing to broadcastNotification for role ADMIN
[2026-06-07T09:21:47.570Z] broadcastNotification called with params: {"title":"📢 Broadcast Test","message":"This is a broadcast test notification sent to all ADMINs.","type":"system","priority":"Low","module":"system","roleTarget":"ADMIN"}
[2026-06-07T09:21:47.789Z] broadcastNotification found 2 users with role ADMIN: [{"id":"cmq20ien80000x8xn6kc4gzqg"},{"id":"cmq1zo8l60000ho5aakfd15qp"}]
[2026-06-07T09:21:47.790Z] [broadcastNotification] Failed. Error: Cannot read properties of undefined (reading 'createMany'). Stack: TypeError: Cannot read properties of undefined (reading 'createMany')
    at broadcastNotification (C:\Users\alira\Desktop\fyp\Final-Year-Project\smart-hotel-template\.next\dev\server\chunks\smart-hotel-template_src_services_notificationService_ts_0v.b5fj._.js:123:203)
    at process.processTicksAndRejections (node:internal/process/task_queues:103:5)
    at async GET (C:\Users\alira\Desktop\fyp\Final-Year-Project\smart-hotel-template\.next\dev\server\chunks\[root-of-the-server]__11rklkc._.js:811:29)
    at async AppRouteRouteModule.do (C:\Users\alira\Desktop\fyp\Final-Year-Project\smart-hotel-template\node_modules\next\dist\compiled\next-server\app-route-turbo.runtime.dev.js:5:40115)
    at async AppRouteRouteModule.handle (C:\Users\alira\Desktop\fyp\Final-Year-Project\smart-hotel-template\node_modules\next\dist\compiled\next-server\app-route-turbo.runtime.dev.js:5:47395)
    at async responseGenerator (C:\Users\alira\Desktop\fyp\Final-Year-Project\smart-hotel-template\.next\dev\server\chunks\[root-of-the-server]__0ofzhrs._.js:23561:38)
    at async AppRouteRouteModule.handleResponse (C:\Users\alira\Desktop\fyp\Final-Year-Project\smart-hotel-template\node_modules\next\dist\compiled\next-server\app-route-turbo.runtime.dev.js:1:228552)
    at async handleResponse (C:\Users\alira\Desktop\fyp\Final-Year-Project\smart-hotel-template\.next\dev\server\chunks\[root-of-the-server]__0ofzhrs._.js:23624:32)
    at async Module.handler (C:\Users\alira\Desktop\fyp\Final-Year-Project\smart-hotel-template\.next\dev\server\chunks\[root-of-the-server]__0ofzhrs._.js:23678:13)
    at async DevServer.renderToResponseWithComponentsImpl (C:\Users\alira\Desktop\fyp\Final-Year-Project\smart-hotel-template\node_modules\next\dist\server\base-server.js:1462:9)
    at async DevServer.renderPageComponent (C:\Users\alira\Desktop\fyp\Final-Year-Project\smart-hotel-template\node_modules\next\dist\server\base-server.js:1514:24)
    at async DevServer.renderToResponseImpl (C:\Users\alira\Desktop\fyp\Final-Year-Project\smart-hotel-template\node_modules\next\dist\server\base-server.js:1564:32)
    at async DevServer.pipeImpl (C:\Users\alira\Desktop\fyp\Final-Year-Project\smart-hotel-template\node_modules\next\dist\server\base-server.js:1044:25)
    at async NextNodeServer.handleCatchallRenderRequest (C:\Users\alira\Desktop\fyp\Final-Year-Project\smart-hotel-template\node_modules\next\dist\server\next-server.js:338:17)
    at async DevServer.handleRequestImpl (C:\Users\alira\Desktop\fyp\Final-Year-Project\smart-hotel-template\node_modules\next\dist\server\base-server.js:935:17)
    at async C:\Users\alira\Desktop\fyp\Final-Year-Project\smart-hotel-template\node_modules\next\dist\server\dev\next-dev-server.js:394:20
    at async Span.traceAsyncFn (C:\Users\alira\Desktop\fyp\Final-Year-Project\smart-hotel-template\node_modules\next\dist\trace\trace.js:164:20)
    at async DevServer.handleRequest (C:\Users\alira\Desktop\fyp\Final-Year-Project\smart-hotel-template\node_modules\next\dist\server\dev\next-dev-server.js:390:24)
    at async invokeRender (C:\Users\alira\Desktop\fyp\Final-Year-Project\smart-hotel-template\node_modules\next\dist\server\lib\router-server.js:266:21)
    at async handleRequest (C:\Users\alira\Desktop\fyp\Final-Year-Project\smart-hotel-template\node_modules\next\dist\server\lib\router-server.js:465:24)
    at async requestHandlerImpl (C:\Users\alira\Desktop\fyp\Final-Year-Project\smart-hotel-template\node_modules\next\dist\server\lib\router-server.js:514:13)
    at async Server.requestListener (C:\Users\alira\Desktop\fyp\Final-Year-Project\smart-hotel-template\node_modules\next\dist\server\lib\start-server.js:225:13)
[2026-06-07T09:23:21.354Z] createNotification called with params: {"title":"🔔 Test Notification","message":"This is a test notification to verify the system works end-to-end.","type":"system","priority":"Medium","module":"system","reference_id":"test-001","recipient_user_id":"cmq20ien80000x8xn6kc4gzqg"}
[2026-06-07T09:23:21.355Z] [createNotification] Failed to create for user cmq20ien80000x8xn6kc4gzqg. Error: Cannot read properties of undefined (reading 'create'). Stack: TypeError: Cannot read properties of undefined (reading 'create')
    at createNotification (C:\Users\alira\Desktop\fyp\Final-Year-Project\smart-hotel-template\.next\dev\server\chunks\smart-hotel-template_src_services_notificationService_ts_0v.b5fj._.js:47:207)
    at GET (C:\Users\alira\Desktop\fyp\Final-Year-Project\smart-hotel-template\.next\dev\server\chunks\[root-of-the-server]__11rklkc._.js:807:40)
    at process.processTicksAndRejections (node:internal/process/task_queues:103:5)
    at async AppRouteRouteModule.do (C:\Users\alira\Desktop\fyp\Final-Year-Project\smart-hotel-template\node_modules\next\dist\compiled\next-server\app-route-turbo.runtime.dev.js:5:40115)
    at async AppRouteRouteModule.handle (C:\Users\alira\Desktop\fyp\Final-Year-Project\smart-hotel-template\node_modules\next\dist\compiled\next-server\app-route-turbo.runtime.dev.js:5:47395)
    at async responseGenerator (C:\Users\alira\Desktop\fyp\Final-Year-Project\smart-hotel-template\.next\dev\server\chunks\[root-of-the-server]__0ofzhrs._.js:23561:38)
    at async AppRouteRouteModule.handleResponse (C:\Users\alira\Desktop\fyp\Final-Year-Project\smart-hotel-template\node_modules\next\dist\compiled\next-server\app-route-turbo.runtime.dev.js:1:228552)
    at async handleResponse (C:\Users\alira\Desktop\fyp\Final-Year-Project\smart-hotel-template\.next\dev\server\chunks\[root-of-the-server]__0ofzhrs._.js:23624:32)
    at async Module.handler (C:\Users\alira\Desktop\fyp\Final-Year-Project\smart-hotel-template\.next\dev\server\chunks\[root-of-the-server]__0ofzhrs._.js:23678:13)
    at async DevServer.renderToResponseWithComponentsImpl (C:\Users\alira\Desktop\fyp\Final-Year-Project\smart-hotel-template\node_modules\next\dist\server\base-server.js:1462:9)
    at async DevServer.renderPageComponent (C:\Users\alira\Desktop\fyp\Final-Year-Project\smart-hotel-template\node_modules\next\dist\server\base-server.js:1514:24)
    at async DevServer.renderToResponseImpl (C:\Users\alira\Desktop\fyp\Final-Year-Project\smart-hotel-template\node_modules\next\dist\server\base-server.js:1564:32)
    at async DevServer.pipeImpl (C:\Users\alira\Desktop\fyp\Final-Year-Project\smart-hotel-template\node_modules\next\dist\server\base-server.js:1044:25)
    at async NextNodeServer.handleCatchallRenderRequest (C:\Users\alira\Desktop\fyp\Final-Year-Project\smart-hotel-template\node_modules\next\dist\server\next-server.js:338:17)
    at async DevServer.handleRequestImpl (C:\Users\alira\Desktop\fyp\Final-Year-Project\smart-hotel-template\node_modules\next\dist\server\base-server.js:935:17)
    at async C:\Users\alira\Desktop\fyp\Final-Year-Project\smart-hotel-template\node_modules\next\dist\server\dev\next-dev-server.js:394:20
    at async Span.traceAsyncFn (C:\Users\alira\Desktop\fyp\Final-Year-Project\smart-hotel-template\node_modules\next\dist\trace\trace.js:164:20)
    at async DevServer.handleRequest (C:\Users\alira\Desktop\fyp\Final-Year-Project\smart-hotel-template\node_modules\next\dist\server\dev\next-dev-server.js:390:24)
    at async invokeRender (C:\Users\alira\Desktop\fyp\Final-Year-Project\smart-hotel-template\node_modules\next\dist\server\lib\router-server.js:266:21)
    at async handleRequest (C:\Users\alira\Desktop\fyp\Final-Year-Project\smart-hotel-template\node_modules\next\dist\server\lib\router-server.js:465:24)
    at async requestHandlerImpl (C:\Users\alira\Desktop\fyp\Final-Year-Project\smart-hotel-template\node_modules\next\dist\server\lib\router-server.js:514:13)
    at async Server.requestListener (C:\Users\alira\Desktop\fyp\Final-Year-Project\smart-hotel-template\node_modules\next\dist\server\lib\start-server.js:225:13)
[2026-06-07T09:23:21.495Z] createNotification called with params: {"title":"📢 Broadcast Test","message":"This is a broadcast test notification sent to all ADMINs.","type":"system","priority":"Low","module":"system","role_target":"ADMIN"}
[2026-06-07T09:23:21.496Z] createNotification routing to broadcastNotification for role ADMIN
[2026-06-07T09:23:21.496Z] broadcastNotification called with params: {"title":"📢 Broadcast Test","message":"This is a broadcast test notification sent to all ADMINs.","type":"system","priority":"Low","module":"system","roleTarget":"ADMIN"}
[2026-06-07T09:23:21.720Z] broadcastNotification found 2 users with role ADMIN: [{"id":"cmq20ien80000x8xn6kc4gzqg"},{"id":"cmq1zo8l60000ho5aakfd15qp"}]
[2026-06-07T09:23:21.721Z] [broadcastNotification] Failed. Error: Cannot read properties of undefined (reading 'createMany'). Stack: TypeError: Cannot read properties of undefined (reading 'createMany')
    at broadcastNotification (C:\Users\alira\Desktop\fyp\Final-Year-Project\smart-hotel-template\.next\dev\server\chunks\smart-hotel-template_src_services_notificationService_ts_0v.b5fj._.js:123:203)
    at process.processTicksAndRejections (node:internal/process/task_queues:103:5)
    at async GET (C:\Users\alira\Desktop\fyp\Final-Year-Project\smart-hotel-template\.next\dev\server\chunks\[root-of-the-server]__11rklkc._.js:824:33)
    at async AppRouteRouteModule.do (C:\Users\alira\Desktop\fyp\Final-Year-Project\smart-hotel-template\node_modules\next\dist\compiled\next-server\app-route-turbo.runtime.dev.js:5:40115)
    at async AppRouteRouteModule.handle (C:\Users\alira\Desktop\fyp\Final-Year-Project\smart-hotel-template\node_modules\next\dist\compiled\next-server\app-route-turbo.runtime.dev.js:5:47395)
    at async responseGenerator (C:\Users\alira\Desktop\fyp\Final-Year-Project\smart-hotel-template\.next\dev\server\chunks\[root-of-the-server]__0ofzhrs._.js:23561:38)
    at async AppRouteRouteModule.handleResponse (C:\Users\alira\Desktop\fyp\Final-Year-Project\smart-hotel-template\node_modules\next\dist\compiled\next-server\app-route-turbo.runtime.dev.js:1:228552)
    at async handleResponse (C:\Users\alira\Desktop\fyp\Final-Year-Project\smart-hotel-template\.next\dev\server\chunks\[root-of-the-server]__0ofzhrs._.js:23624:32)
    at async Module.handler (C:\Users\alira\Desktop\fyp\Final-Year-Project\smart-hotel-template\.next\dev\server\chunks\[root-of-the-server]__0ofzhrs._.js:23678:13)
    at async DevServer.renderToResponseWithComponentsImpl (C:\Users\alira\Desktop\fyp\Final-Year-Project\smart-hotel-template\node_modules\next\dist\server\base-server.js:1462:9)
    at async DevServer.renderPageComponent (C:\Users\alira\Desktop\fyp\Final-Year-Project\smart-hotel-template\node_modules\next\dist\server\base-server.js:1514:24)
    at async DevServer.renderToResponseImpl (C:\Users\alira\Desktop\fyp\Final-Year-Project\smart-hotel-template\node_modules\next\dist\server\base-server.js:1564:32)
    at async DevServer.pipeImpl (C:\Users\alira\Desktop\fyp\Final-Year-Project\smart-hotel-template\node_modules\next\dist\server\base-server.js:1044:25)
    at async NextNodeServer.handleCatchallRenderRequest (C:\Users\alira\Desktop\fyp\Final-Year-Project\smart-hotel-template\node_modules\next\dist\server\next-server.js:338:17)
    at async DevServer.handleRequestImpl (C:\Users\alira\Desktop\fyp\Final-Year-Project\smart-hotel-template\node_modules\next\dist\server\base-server.js:935:17)
    at async C:\Users\alira\Desktop\fyp\Final-Year-Project\smart-hotel-template\node_modules\next\dist\server\dev\next-dev-server.js:394:20
    at async Span.traceAsyncFn (C:\Users\alira\Desktop\fyp\Final-Year-Project\smart-hotel-template\node_modules\next\dist\trace\trace.js:164:20)
    at async DevServer.handleRequest (C:\Users\alira\Desktop\fyp\Final-Year-Project\smart-hotel-template\node_modules\next\dist\server\dev\next-dev-server.js:390:24)
    at async invokeRender (C:\Users\alira\Desktop\fyp\Final-Year-Project\smart-hotel-template\node_modules\next\dist\server\lib\router-server.js:266:21)
    at async handleRequest (C:\Users\alira\Desktop\fyp\Final-Year-Project\smart-hotel-template\node_modules\next\dist\server\lib\router-server.js:465:24)
    at async requestHandlerImpl (C:\Users\alira\Desktop\fyp\Final-Year-Project\smart-hotel-template\node_modules\next\dist\server\lib\router-server.js:514:13)
    at async Server.requestListener (C:\Users\alira\Desktop\fyp\Final-Year-Project\smart-hotel-template\node_modules\next\dist\server\lib\start-server.js:225:13)
[2026-06-07T09:25:42.116Z] createNotification called with params: {"title":"🔔 Test Notification","message":"This is a test notification to verify the system works end-to-end.","type":"system","priority":"Medium","module":"system","reference_id":"test-001","recipient_user_id":"cmq20ien80000x8xn6kc4gzqg"}
[2026-06-07T09:25:42.117Z] [createNotification] Failed to create for user cmq20ien80000x8xn6kc4gzqg. Error: Cannot read properties of undefined (reading 'create'). Stack: TypeError: Cannot read properties of undefined (reading 'create')
    at createNotification (C:\Users\alira\Desktop\fyp\Final-Year-Project\smart-hotel-template\.next\dev\server\chunks\smart-hotel-template_src_services_notificationService_ts_0v.b5fj._.js:47:207)
    at GET (C:\Users\alira\Desktop\fyp\Final-Year-Project\smart-hotel-template\.next\dev\server\chunks\[root-of-the-server]__11rklkc._.js:807:40)
    at process.processTicksAndRejections (node:internal/process/task_queues:103:5)
    at async AppRouteRouteModule.do (C:\Users\alira\Desktop\fyp\Final-Year-Project\smart-hotel-template\node_modules\next\dist\compiled\next-server\app-route-turbo.runtime.dev.js:5:40115)
    at async AppRouteRouteModule.handle (C:\Users\alira\Desktop\fyp\Final-Year-Project\smart-hotel-template\node_modules\next\dist\compiled\next-server\app-route-turbo.runtime.dev.js:5:47395)
    at async responseGenerator (C:\Users\alira\Desktop\fyp\Final-Year-Project\smart-hotel-template\.next\dev\server\chunks\[root-of-the-server]__0ofzhrs._.js:23561:38)
    at async AppRouteRouteModule.handleResponse (C:\Users\alira\Desktop\fyp\Final-Year-Project\smart-hotel-template\node_modules\next\dist\compiled\next-server\app-route-turbo.runtime.dev.js:1:228552)
    at async handleResponse (C:\Users\alira\Desktop\fyp\Final-Year-Project\smart-hotel-template\.next\dev\server\chunks\[root-of-the-server]__0ofzhrs._.js:23624:32)
    at async Module.handler (C:\Users\alira\Desktop\fyp\Final-Year-Project\smart-hotel-template\.next\dev\server\chunks\[root-of-the-server]__0ofzhrs._.js:23678:13)
    at async DevServer.renderToResponseWithComponentsImpl (C:\Users\alira\Desktop\fyp\Final-Year-Project\smart-hotel-template\node_modules\next\dist\server\base-server.js:1462:9)
    at async DevServer.renderPageComponent (C:\Users\alira\Desktop\fyp\Final-Year-Project\smart-hotel-template\node_modules\next\dist\server\base-server.js:1514:24)
    at async DevServer.renderToResponseImpl (C:\Users\alira\Desktop\fyp\Final-Year-Project\smart-hotel-template\node_modules\next\dist\server\base-server.js:1564:32)
    at async DevServer.pipeImpl (C:\Users\alira\Desktop\fyp\Final-Year-Project\smart-hotel-template\node_modules\next\dist\server\base-server.js:1044:25)
    at async NextNodeServer.handleCatchallRenderRequest (C:\Users\alira\Desktop\fyp\Final-Year-Project\smart-hotel-template\node_modules\next\dist\server\next-server.js:338:17)
    at async DevServer.handleRequestImpl (C:\Users\alira\Desktop\fyp\Final-Year-Project\smart-hotel-template\node_modules\next\dist\server\base-server.js:935:17)
    at async C:\Users\alira\Desktop\fyp\Final-Year-Project\smart-hotel-template\node_modules\next\dist\server\dev\next-dev-server.js:394:20
    at async Span.traceAsyncFn (C:\Users\alira\Desktop\fyp\Final-Year-Project\smart-hotel-template\node_modules\next\dist\trace\trace.js:164:20)
    at async DevServer.handleRequest (C:\Users\alira\Desktop\fyp\Final-Year-Project\smart-hotel-template\node_modules\next\dist\server\dev\next-dev-server.js:390:24)
    at async invokeRender (C:\Users\alira\Desktop\fyp\Final-Year-Project\smart-hotel-template\node_modules\next\dist\server\lib\router-server.js:266:21)
    at async handleRequest (C:\Users\alira\Desktop\fyp\Final-Year-Project\smart-hotel-template\node_modules\next\dist\server\lib\router-server.js:465:24)
    at async requestHandlerImpl (C:\Users\alira\Desktop\fyp\Final-Year-Project\smart-hotel-template\node_modules\next\dist\server\lib\router-server.js:514:13)
    at async Server.requestListener (C:\Users\alira\Desktop\fyp\Final-Year-Project\smart-hotel-template\node_modules\next\dist\server\lib\start-server.js:225:13)
[2026-06-07T09:25:42.226Z] createNotification called with params: {"title":"📢 Broadcast Test","message":"This is a broadcast test notification sent to all ADMINs.","type":"system","priority":"Low","module":"system","role_target":"ADMIN"}
[2026-06-07T09:25:42.226Z] createNotification routing to broadcastNotification for role ADMIN
[2026-06-07T09:25:42.227Z] broadcastNotification called with params: {"title":"📢 Broadcast Test","message":"This is a broadcast test notification sent to all ADMINs.","type":"system","priority":"Low","module":"system","roleTarget":"ADMIN"}
[2026-06-07T09:25:42.455Z] broadcastNotification found 2 users with role ADMIN: [{"id":"cmq20ien80000x8xn6kc4gzqg"},{"id":"cmq1zo8l60000ho5aakfd15qp"}]
[2026-06-07T09:25:42.456Z] [broadcastNotification] Failed. Error: Cannot read properties of undefined (reading 'createMany'). Stack: TypeError: Cannot read properties of undefined (reading 'createMany')
    at broadcastNotification (C:\Users\alira\Desktop\fyp\Final-Year-Project\smart-hotel-template\.next\dev\server\chunks\smart-hotel-template_src_services_notificationService_ts_0v.b5fj._.js:123:203)
    at process.processTicksAndRejections (node:internal/process/task_queues:103:5)
    at async GET (C:\Users\alira\Desktop\fyp\Final-Year-Project\smart-hotel-template\.next\dev\server\chunks\[root-of-the-server]__11rklkc._.js:824:33)
    at async AppRouteRouteModule.do (C:\Users\alira\Desktop\fyp\Final-Year-Project\smart-hotel-template\node_modules\next\dist\compiled\next-server\app-route-turbo.runtime.dev.js:5:40115)
    at async AppRouteRouteModule.handle (C:\Users\alira\Desktop\fyp\Final-Year-Project\smart-hotel-template\node_modules\next\dist\compiled\next-server\app-route-turbo.runtime.dev.js:5:47395)
    at async responseGenerator (C:\Users\alira\Desktop\fyp\Final-Year-Project\smart-hotel-template\.next\dev\server\chunks\[root-of-the-server]__0ofzhrs._.js:23561:38)
    at async AppRouteRouteModule.handleResponse (C:\Users\alira\Desktop\fyp\Final-Year-Project\smart-hotel-template\node_modules\next\dist\compiled\next-server\app-route-turbo.runtime.dev.js:1:228552)
    at async handleResponse (C:\Users\alira\Desktop\fyp\Final-Year-Project\smart-hotel-template\.next\dev\server\chunks\[root-of-the-server]__0ofzhrs._.js:23624:32)
    at async Module.handler (C:\Users\alira\Desktop\fyp\Final-Year-Project\smart-hotel-template\.next\dev\server\chunks\[root-of-the-server]__0ofzhrs._.js:23678:13)
    at async DevServer.renderToResponseWithComponentsImpl (C:\Users\alira\Desktop\fyp\Final-Year-Project\smart-hotel-template\node_modules\next\dist\server\base-server.js:1462:9)
    at async DevServer.renderPageComponent (C:\Users\alira\Desktop\fyp\Final-Year-Project\smart-hotel-template\node_modules\next\dist\server\base-server.js:1514:24)
    at async DevServer.renderToResponseImpl (C:\Users\alira\Desktop\fyp\Final-Year-Project\smart-hotel-template\node_modules\next\dist\server\base-server.js:1564:32)
    at async DevServer.pipeImpl (C:\Users\alira\Desktop\fyp\Final-Year-Project\smart-hotel-template\node_modules\next\dist\server\base-server.js:1044:25)
    at async NextNodeServer.handleCatchallRenderRequest (C:\Users\alira\Desktop\fyp\Final-Year-Project\smart-hotel-template\node_modules\next\dist\server\next-server.js:338:17)
    at async DevServer.handleRequestImpl (C:\Users\alira\Desktop\fyp\Final-Year-Project\smart-hotel-template\node_modules\next\dist\server\base-server.js:935:17)
    at async C:\Users\alira\Desktop\fyp\Final-Year-Project\smart-hotel-template\node_modules\next\dist\server\dev\next-dev-server.js:394:20
    at async Span.traceAsyncFn (C:\Users\alira\Desktop\fyp\Final-Year-Project\smart-hotel-template\node_modules\next\dist\trace\trace.js:164:20)
    at async DevServer.handleRequest (C:\Users\alira\Desktop\fyp\Final-Year-Project\smart-hotel-template\node_modules\next\dist\server\dev\next-dev-server.js:390:24)
    at async invokeRender (C:\Users\alira\Desktop\fyp\Final-Year-Project\smart-hotel-template\node_modules\next\dist\server\lib\router-server.js:266:21)
    at async handleRequest (C:\Users\alira\Desktop\fyp\Final-Year-Project\smart-hotel-template\node_modules\next\dist\server\lib\router-server.js:465:24)
    at async requestHandlerImpl (C:\Users\alira\Desktop\fyp\Final-Year-Project\smart-hotel-template\node_modules\next\dist\server\lib\router-server.js:514:13)
    at async Server.requestListener (C:\Users\alira\Desktop\fyp\Final-Year-Project\smart-hotel-template\node_modules\next\dist\server\lib\start-server.js:225:13)
[2026-06-07T09:27:17.855Z] createNotification called with params: {"title":"🔔 Test Notification","message":"This is a test notification to verify the system works end-to-end.","type":"system","priority":"Medium","module":"system","reference_id":"test-001","recipient_user_id":"cmq20ien80000x8xn6kc4gzqg"}
[2026-06-07T09:27:17.856Z] [createNotification] Failed to create for user cmq20ien80000x8xn6kc4gzqg. Error: Cannot read properties of undefined (reading 'create'). Stack: TypeError: Cannot read properties of undefined (reading 'create')
    at createNotification (C:\Users\alira\Desktop\fyp\Final-Year-Project\smart-hotel-template\.next\dev\server\chunks\smart-hotel-template_src_services_notificationService_ts_0v.b5fj._.js:47:207)
    at GET (C:\Users\alira\Desktop\fyp\Final-Year-Project\smart-hotel-template\.next\dev\server\chunks\[root-of-the-server]__11rklkc._.js:807:40)
    at process.processTicksAndRejections (node:internal/process/task_queues:103:5)
    at async AppRouteRouteModule.do (C:\Users\alira\Desktop\fyp\Final-Year-Project\smart-hotel-template\node_modules\next\dist\compiled\next-server\app-route-turbo.runtime.dev.js:5:40115)
    at async AppRouteRouteModule.handle (C:\Users\alira\Desktop\fyp\Final-Year-Project\smart-hotel-template\node_modules\next\dist\compiled\next-server\app-route-turbo.runtime.dev.js:5:47395)
    at async responseGenerator (C:\Users\alira\Desktop\fyp\Final-Year-Project\smart-hotel-template\.next\dev\server\chunks\[root-of-the-server]__0ofzhrs._.js:23561:38)
    at async AppRouteRouteModule.handleResponse (C:\Users\alira\Desktop\fyp\Final-Year-Project\smart-hotel-template\node_modules\next\dist\compiled\next-server\app-route-turbo.runtime.dev.js:1:228552)
    at async handleResponse (C:\Users\alira\Desktop\fyp\Final-Year-Project\smart-hotel-template\.next\dev\server\chunks\[root-of-the-server]__0ofzhrs._.js:23624:32)
    at async Module.handler (C:\Users\alira\Desktop\fyp\Final-Year-Project\smart-hotel-template\.next\dev\server\chunks\[root-of-the-server]__0ofzhrs._.js:23678:13)
    at async DevServer.renderToResponseWithComponentsImpl (C:\Users\alira\Desktop\fyp\Final-Year-Project\smart-hotel-template\node_modules\next\dist\server\base-server.js:1462:9)
    at async DevServer.renderPageComponent (C:\Users\alira\Desktop\fyp\Final-Year-Project\smart-hotel-template\node_modules\next\dist\server\base-server.js:1514:24)
    at async DevServer.renderToResponseImpl (C:\Users\alira\Desktop\fyp\Final-Year-Project\smart-hotel-template\node_modules\next\dist\server\base-server.js:1564:32)
    at async DevServer.pipeImpl (C:\Users\alira\Desktop\fyp\Final-Year-Project\smart-hotel-template\node_modules\next\dist\server\base-server.js:1044:25)
    at async NextNodeServer.handleCatchallRenderRequest (C:\Users\alira\Desktop\fyp\Final-Year-Project\smart-hotel-template\node_modules\next\dist\server\next-server.js:338:17)
    at async DevServer.handleRequestImpl (C:\Users\alira\Desktop\fyp\Final-Year-Project\smart-hotel-template\node_modules\next\dist\server\base-server.js:935:17)
    at async C:\Users\alira\Desktop\fyp\Final-Year-Project\smart-hotel-template\node_modules\next\dist\server\dev\next-dev-server.js:394:20
    at async Span.traceAsyncFn (C:\Users\alira\Desktop\fyp\Final-Year-Project\smart-hotel-template\node_modules\next\dist\trace\trace.js:164:20)
    at async DevServer.handleRequest (C:\Users\alira\Desktop\fyp\Final-Year-Project\smart-hotel-template\node_modules\next\dist\server\dev\next-dev-server.js:390:24)
    at async invokeRender (C:\Users\alira\Desktop\fyp\Final-Year-Project\smart-hotel-template\node_modules\next\dist\server\lib\router-server.js:266:21)
    at async handleRequest (C:\Users\alira\Desktop\fyp\Final-Year-Project\smart-hotel-template\node_modules\next\dist\server\lib\router-server.js:465:24)
    at async requestHandlerImpl (C:\Users\alira\Desktop\fyp\Final-Year-Project\smart-hotel-template\node_modules\next\dist\server\lib\router-server.js:514:13)
    at async Server.requestListener (C:\Users\alira\Desktop\fyp\Final-Year-Project\smart-hotel-template\node_modules\next\dist\server\lib\start-server.js:225:13)
[2026-06-07T09:27:17.972Z] createNotification called with params: {"title":"📢 Broadcast Test","message":"This is a broadcast test notification sent to all ADMINs.","type":"system","priority":"Low","module":"system","role_target":"ADMIN"}
[2026-06-07T09:27:17.973Z] createNotification routing to broadcastNotification for role ADMIN
[2026-06-07T09:27:17.973Z] broadcastNotification called with params: {"title":"📢 Broadcast Test","message":"This is a broadcast test notification sent to all ADMINs.","type":"system","priority":"Low","module":"system","roleTarget":"ADMIN"}
[2026-06-07T09:27:18.210Z] broadcastNotification found 2 users with role ADMIN: [{"id":"cmq20ien80000x8xn6kc4gzqg"},{"id":"cmq1zo8l60000ho5aakfd15qp"}]
[2026-06-07T09:27:18.211Z] [broadcastNotification] Failed. Error: Cannot read properties of undefined (reading 'createMany'). Stack: TypeError: Cannot read properties of undefined (reading 'createMany')
    at broadcastNotification (C:\Users\alira\Desktop\fyp\Final-Year-Project\smart-hotel-template\.next\dev\server\chunks\smart-hotel-template_src_services_notificationService_ts_0v.b5fj._.js:123:203)
    at process.processTicksAndRejections (node:internal/process/task_queues:103:5)
    at async GET (C:\Users\alira\Desktop\fyp\Final-Year-Project\smart-hotel-template\.next\dev\server\chunks\[root-of-the-server]__11rklkc._.js:824:33)
    at async AppRouteRouteModule.do (C:\Users\alira\Desktop\fyp\Final-Year-Project\smart-hotel-template\node_modules\next\dist\compiled\next-server\app-route-turbo.runtime.dev.js:5:40115)
    at async AppRouteRouteModule.handle (C:\Users\alira\Desktop\fyp\Final-Year-Project\smart-hotel-template\node_modules\next\dist\compiled\next-server\app-route-turbo.runtime.dev.js:5:47395)
    at async responseGenerator (C:\Users\alira\Desktop\fyp\Final-Year-Project\smart-hotel-template\.next\dev\server\chunks\[root-of-the-server]__0ofzhrs._.js:23561:38)
    at async AppRouteRouteModule.handleResponse (C:\Users\alira\Desktop\fyp\Final-Year-Project\smart-hotel-template\node_modules\next\dist\compiled\next-server\app-route-turbo.runtime.dev.js:1:228552)
    at async handleResponse (C:\Users\alira\Desktop\fyp\Final-Year-Project\smart-hotel-template\.next\dev\server\chunks\[root-of-the-server]__0ofzhrs._.js:23624:32)
    at async Module.handler (C:\Users\alira\Desktop\fyp\Final-Year-Project\smart-hotel-template\.next\dev\server\chunks\[root-of-the-server]__0ofzhrs._.js:23678:13)
    at async DevServer.renderToResponseWithComponentsImpl (C:\Users\alira\Desktop\fyp\Final-Year-Project\smart-hotel-template\node_modules\next\dist\server\base-server.js:1462:9)
    at async DevServer.renderPageComponent (C:\Users\alira\Desktop\fyp\Final-Year-Project\smart-hotel-template\node_modules\next\dist\server\base-server.js:1514:24)
    at async DevServer.renderToResponseImpl (C:\Users\alira\Desktop\fyp\Final-Year-Project\smart-hotel-template\node_modules\next\dist\server\base-server.js:1564:32)
    at async DevServer.pipeImpl (C:\Users\alira\Desktop\fyp\Final-Year-Project\smart-hotel-template\node_modules\next\dist\server\base-server.js:1044:25)
    at async NextNodeServer.handleCatchallRenderRequest (C:\Users\alira\Desktop\fyp\Final-Year-Project\smart-hotel-template\node_modules\next\dist\server\next-server.js:338:17)
    at async DevServer.handleRequestImpl (C:\Users\alira\Desktop\fyp\Final-Year-Project\smart-hotel-template\node_modules\next\dist\server\base-server.js:935:17)
    at async C:\Users\alira\Desktop\fyp\Final-Year-Project\smart-hotel-template\node_modules\next\dist\server\dev\next-dev-server.js:394:20
    at async Span.traceAsyncFn (C:\Users\alira\Desktop\fyp\Final-Year-Project\smart-hotel-template\node_modules\next\dist\trace\trace.js:164:20)
    at async DevServer.handleRequest (C:\Users\alira\Desktop\fyp\Final-Year-Project\smart-hotel-template\node_modules\next\dist\server\dev\next-dev-server.js:390:24)
    at async invokeRender (C:\Users\alira\Desktop\fyp\Final-Year-Project\smart-hotel-template\node_modules\next\dist\server\lib\router-server.js:266:21)
    at async handleRequest (C:\Users\alira\Desktop\fyp\Final-Year-Project\smart-hotel-template\node_modules\next\dist\server\lib\router-server.js:465:24)
    at async requestHandlerImpl (C:\Users\alira\Desktop\fyp\Final-Year-Project\smart-hotel-template\node_modules\next\dist\server\lib\router-server.js:514:13)
    at async Server.requestListener (C:\Users\alira\Desktop\fyp\Final-Year-Project\smart-hotel-template\node_modules\next\dist\server\lib\start-server.js:225:13)
[2026-06-07T09:28:31.848Z] createNotification called with params: {"title":"🔔 Test Notification","message":"This is a test notification to verify the system works end-to-end.","type":"system","priority":"Medium","module":"system","reference_id":"test-001","recipient_user_id":"cmq20ien80000x8xn6kc4gzqg"}
[2026-06-07T09:28:31.849Z] [createNotification] Failed to create for user cmq20ien80000x8xn6kc4gzqg. Error: Cannot read properties of undefined (reading 'create'). Stack: TypeError: Cannot read properties of undefined (reading 'create')
    at createNotification (C:\Users\alira\Desktop\fyp\Final-Year-Project\smart-hotel-template\.next\dev\server\chunks\smart-hotel-template_src_services_notificationService_ts_0v.b5fj._.js:47:207)
    at GET (C:\Users\alira\Desktop\fyp\Final-Year-Project\smart-hotel-template\.next\dev\server\chunks\[root-of-the-server]__11rklkc._.js:807:40)
    at process.processTicksAndRejections (node:internal/process/task_queues:103:5)
    at async AppRouteRouteModule.do (C:\Users\alira\Desktop\fyp\Final-Year-Project\smart-hotel-template\node_modules\next\dist\compiled\next-server\app-route-turbo.runtime.dev.js:5:40115)
    at async AppRouteRouteModule.handle (C:\Users\alira\Desktop\fyp\Final-Year-Project\smart-hotel-template\node_modules\next\dist\compiled\next-server\app-route-turbo.runtime.dev.js:5:47395)
    at async responseGenerator (C:\Users\alira\Desktop\fyp\Final-Year-Project\smart-hotel-template\.next\dev\server\chunks\[root-of-the-server]__0ofzhrs._.js:23561:38)
    at async AppRouteRouteModule.handleResponse (C:\Users\alira\Desktop\fyp\Final-Year-Project\smart-hotel-template\node_modules\next\dist\compiled\next-server\app-route-turbo.runtime.dev.js:1:228552)
    at async handleResponse (C:\Users\alira\Desktop\fyp\Final-Year-Project\smart-hotel-template\.next\dev\server\chunks\[root-of-the-server]__0ofzhrs._.js:23624:32)
    at async Module.handler (C:\Users\alira\Desktop\fyp\Final-Year-Project\smart-hotel-template\.next\dev\server\chunks\[root-of-the-server]__0ofzhrs._.js:23678:13)
    at async DevServer.renderToResponseWithComponentsImpl (C:\Users\alira\Desktop\fyp\Final-Year-Project\smart-hotel-template\node_modules\next\dist\server\base-server.js:1462:9)
    at async DevServer.renderPageComponent (C:\Users\alira\Desktop\fyp\Final-Year-Project\smart-hotel-template\node_modules\next\dist\server\base-server.js:1514:24)
    at async DevServer.renderToResponseImpl (C:\Users\alira\Desktop\fyp\Final-Year-Project\smart-hotel-template\node_modules\next\dist\server\base-server.js:1564:32)
    at async DevServer.pipeImpl (C:\Users\alira\Desktop\fyp\Final-Year-Project\smart-hotel-template\node_modules\next\dist\server\base-server.js:1044:25)
    at async NextNodeServer.handleCatchallRenderRequest (C:\Users\alira\Desktop\fyp\Final-Year-Project\smart-hotel-template\node_modules\next\dist\server\next-server.js:338:17)
    at async DevServer.handleRequestImpl (C:\Users\alira\Desktop\fyp\Final-Year-Project\smart-hotel-template\node_modules\next\dist\server\base-server.js:935:17)
    at async C:\Users\alira\Desktop\fyp\Final-Year-Project\smart-hotel-template\node_modules\next\dist\server\dev\next-dev-server.js:394:20
    at async Span.traceAsyncFn (C:\Users\alira\Desktop\fyp\Final-Year-Project\smart-hotel-template\node_modules\next\dist\trace\trace.js:164:20)
    at async DevServer.handleRequest (C:\Users\alira\Desktop\fyp\Final-Year-Project\smart-hotel-template\node_modules\next\dist\server\dev\next-dev-server.js:390:24)
    at async invokeRender (C:\Users\alira\Desktop\fyp\Final-Year-Project\smart-hotel-template\node_modules\next\dist\server\lib\router-server.js:266:21)
    at async handleRequest (C:\Users\alira\Desktop\fyp\Final-Year-Project\smart-hotel-template\node_modules\next\dist\server\lib\router-server.js:465:24)
    at async requestHandlerImpl (C:\Users\alira\Desktop\fyp\Final-Year-Project\smart-hotel-template\node_modules\next\dist\server\lib\router-server.js:514:13)
    at async Server.requestListener (C:\Users\alira\Desktop\fyp\Final-Year-Project\smart-hotel-template\node_modules\next\dist\server\lib\start-server.js:225:13)
[2026-06-07T09:28:31.959Z] createNotification called with params: {"title":"📢 Broadcast Test","message":"This is a broadcast test notification sent to all ADMINs.","type":"system","priority":"Low","module":"system","role_target":"ADMIN"}
[2026-06-07T09:28:31.959Z] createNotification routing to broadcastNotification for role ADMIN
[2026-06-07T09:28:31.960Z] broadcastNotification called with params: {"title":"📢 Broadcast Test","message":"This is a broadcast test notification sent to all ADMINs.","type":"system","priority":"Low","module":"system","roleTarget":"ADMIN"}
[2026-06-07T09:28:32.195Z] broadcastNotification found 2 users with role ADMIN: [{"id":"cmq20ien80000x8xn6kc4gzqg"},{"id":"cmq1zo8l60000ho5aakfd15qp"}]
[2026-06-07T09:28:32.196Z] [broadcastNotification] Failed. Error: Cannot read properties of undefined (reading 'createMany'). Stack: TypeError: Cannot read properties of undefined (reading 'createMany')
    at broadcastNotification (C:\Users\alira\Desktop\fyp\Final-Year-Project\smart-hotel-template\.next\dev\server\chunks\smart-hotel-template_src_services_notificationService_ts_0v.b5fj._.js:123:203)
    at process.processTicksAndRejections (node:internal/process/task_queues:103:5)
    at async GET (C:\Users\alira\Desktop\fyp\Final-Year-Project\smart-hotel-template\.next\dev\server\chunks\[root-of-the-server]__11rklkc._.js:824:33)
    at async AppRouteRouteModule.do (C:\Users\alira\Desktop\fyp\Final-Year-Project\smart-hotel-template\node_modules\next\dist\compiled\next-server\app-route-turbo.runtime.dev.js:5:40115)
    at async AppRouteRouteModule.handle (C:\Users\alira\Desktop\fyp\Final-Year-Project\smart-hotel-template\node_modules\next\dist\compiled\next-server\app-route-turbo.runtime.dev.js:5:47395)
    at async responseGenerator (C:\Users\alira\Desktop\fyp\Final-Year-Project\smart-hotel-template\.next\dev\server\chunks\[root-of-the-server]__0ofzhrs._.js:23561:38)
    at async AppRouteRouteModule.handleResponse (C:\Users\alira\Desktop\fyp\Final-Year-Project\smart-hotel-template\node_modules\next\dist\compiled\next-server\app-route-turbo.runtime.dev.js:1:228552)
    at async handleResponse (C:\Users\alira\Desktop\fyp\Final-Year-Project\smart-hotel-template\.next\dev\server\chunks\[root-of-the-server]__0ofzhrs._.js:23624:32)
    at async Module.handler (C:\Users\alira\Desktop\fyp\Final-Year-Project\smart-hotel-template\.next\dev\server\chunks\[root-of-the-server]__0ofzhrs._.js:23678:13)
    at async DevServer.renderToResponseWithComponentsImpl (C:\Users\alira\Desktop\fyp\Final-Year-Project\smart-hotel-template\node_modules\next\dist\server\base-server.js:1462:9)
    at async DevServer.renderPageComponent (C:\Users\alira\Desktop\fyp\Final-Year-Project\smart-hotel-template\node_modules\next\dist\server\base-server.js:1514:24)
    at async DevServer.renderToResponseImpl (C:\Users\alira\Desktop\fyp\Final-Year-Project\smart-hotel-template\node_modules\next\dist\server\base-server.js:1564:32)
    at async DevServer.pipeImpl (C:\Users\alira\Desktop\fyp\Final-Year-Project\smart-hotel-template\node_modules\next\dist\server\base-server.js:1044:25)
    at async NextNodeServer.handleCatchallRenderRequest (C:\Users\alira\Desktop\fyp\Final-Year-Project\smart-hotel-template\node_modules\next\dist\server\next-server.js:338:17)
    at async DevServer.handleRequestImpl (C:\Users\alira\Desktop\fyp\Final-Year-Project\smart-hotel-template\node_modules\next\dist\server\base-server.js:935:17)
    at async C:\Users\alira\Desktop\fyp\Final-Year-Project\smart-hotel-template\node_modules\next\dist\server\dev\next-dev-server.js:394:20
    at async Span.traceAsyncFn (C:\Users\alira\Desktop\fyp\Final-Year-Project\smart-hotel-template\node_modules\next\dist\trace\trace.js:164:20)
    at async DevServer.handleRequest (C:\Users\alira\Desktop\fyp\Final-Year-Project\smart-hotel-template\node_modules\next\dist\server\dev\next-dev-server.js:390:24)
    at async invokeRender (C:\Users\alira\Desktop\fyp\Final-Year-Project\smart-hotel-template\node_modules\next\dist\server\lib\router-server.js:266:21)
    at async handleRequest (C:\Users\alira\Desktop\fyp\Final-Year-Project\smart-hotel-template\node_modules\next\dist\server\lib\router-server.js:465:24)
    at async requestHandlerImpl (C:\Users\alira\Desktop\fyp\Final-Year-Project\smart-hotel-template\node_modules\next\dist\server\lib\router-server.js:514:13)
    at async Server.requestListener (C:\Users\alira\Desktop\fyp\Final-Year-Project\smart-hotel-template\node_modules\next\dist\server\lib\start-server.js:225:13)
[2026-06-07T09:29:34.905Z] createNotification called with params: {"title":"🔔 Test Notification","message":"This is a test notification to verify the system works end-to-end.","type":"system","priority":"Medium","module":"system","reference_id":"test-001","recipient_user_id":"cmq20ien80000x8xn6kc4gzqg"}
[2026-06-07T09:29:34.906Z] [createNotification] Failed to create for user cmq20ien80000x8xn6kc4gzqg. Error: Cannot read properties of undefined (reading 'create'). Stack: TypeError: Cannot read properties of undefined (reading 'create')
    at createNotification (C:\Users\alira\Desktop\fyp\Final-Year-Project\smart-hotel-template\.next\dev\server\chunks\smart-hotel-template_src_services_notificationService_ts_0v.b5fj._.js:47:207)
    at GET (C:\Users\alira\Desktop\fyp\Final-Year-Project\smart-hotel-template\.next\dev\server\chunks\[root-of-the-server]__11rklkc._.js:807:40)
    at process.processTicksAndRejections (node:internal/process/task_queues:103:5)
    at async AppRouteRouteModule.do (C:\Users\alira\Desktop\fyp\Final-Year-Project\smart-hotel-template\node_modules\next\dist\compiled\next-server\app-route-turbo.runtime.dev.js:5:40115)
    at async AppRouteRouteModule.handle (C:\Users\alira\Desktop\fyp\Final-Year-Project\smart-hotel-template\node_modules\next\dist\compiled\next-server\app-route-turbo.runtime.dev.js:5:47395)
    at async responseGenerator (C:\Users\alira\Desktop\fyp\Final-Year-Project\smart-hotel-template\.next\dev\server\chunks\[root-of-the-server]__0ofzhrs._.js:23561:38)
    at async AppRouteRouteModule.handleResponse (C:\Users\alira\Desktop\fyp\Final-Year-Project\smart-hotel-template\node_modules\next\dist\compiled\next-server\app-route-turbo.runtime.dev.js:1:228552)
    at async handleResponse (C:\Users\alira\Desktop\fyp\Final-Year-Project\smart-hotel-template\.next\dev\server\chunks\[root-of-the-server]__0ofzhrs._.js:23624:32)
    at async Module.handler (C:\Users\alira\Desktop\fyp\Final-Year-Project\smart-hotel-template\.next\dev\server\chunks\[root-of-the-server]__0ofzhrs._.js:23678:13)
    at async DevServer.renderToResponseWithComponentsImpl (C:\Users\alira\Desktop\fyp\Final-Year-Project\smart-hotel-template\node_modules\next\dist\server\base-server.js:1462:9)
    at async DevServer.renderPageComponent (C:\Users\alira\Desktop\fyp\Final-Year-Project\smart-hotel-template\node_modules\next\dist\server\base-server.js:1514:24)
    at async DevServer.renderToResponseImpl (C:\Users\alira\Desktop\fyp\Final-Year-Project\smart-hotel-template\node_modules\next\dist\server\base-server.js:1564:32)
    at async DevServer.pipeImpl (C:\Users\alira\Desktop\fyp\Final-Year-Project\smart-hotel-template\node_modules\next\dist\server\base-server.js:1044:25)
    at async NextNodeServer.handleCatchallRenderRequest (C:\Users\alira\Desktop\fyp\Final-Year-Project\smart-hotel-template\node_modules\next\dist\server\next-server.js:338:17)
    at async DevServer.handleRequestImpl (C:\Users\alira\Desktop\fyp\Final-Year-Project\smart-hotel-template\node_modules\next\dist\server\base-server.js:935:17)
    at async C:\Users\alira\Desktop\fyp\Final-Year-Project\smart-hotel-template\node_modules\next\dist\server\dev\next-dev-server.js:394:20
    at async Span.traceAsyncFn (C:\Users\alira\Desktop\fyp\Final-Year-Project\smart-hotel-template\node_modules\next\dist\trace\trace.js:164:20)
    at async DevServer.handleRequest (C:\Users\alira\Desktop\fyp\Final-Year-Project\smart-hotel-template\node_modules\next\dist\server\dev\next-dev-server.js:390:24)
    at async invokeRender (C:\Users\alira\Desktop\fyp\Final-Year-Project\smart-hotel-template\node_modules\next\dist\server\lib\router-server.js:266:21)
    at async handleRequest (C:\Users\alira\Desktop\fyp\Final-Year-Project\smart-hotel-template\node_modules\next\dist\server\lib\router-server.js:465:24)
    at async requestHandlerImpl (C:\Users\alira\Desktop\fyp\Final-Year-Project\smart-hotel-template\node_modules\next\dist\server\lib\router-server.js:514:13)
    at async Server.requestListener (C:\Users\alira\Desktop\fyp\Final-Year-Project\smart-hotel-template\node_modules\next\dist\server\lib\start-server.js:225:13)
[2026-06-07T09:29:35.008Z] createNotification called with params: {"title":"📢 Broadcast Test","message":"This is a broadcast test notification sent to all ADMINs.","type":"system","priority":"Low","module":"system","role_target":"ADMIN"}
[2026-06-07T09:29:35.009Z] createNotification routing to broadcastNotification for role ADMIN
[2026-06-07T09:29:35.010Z] broadcastNotification called with params: {"title":"📢 Broadcast Test","message":"This is a broadcast test notification sent to all ADMINs.","type":"system","priority":"Low","module":"system","roleTarget":"ADMIN"}
[2026-06-07T09:29:35.238Z] broadcastNotification found 2 users with role ADMIN: [{"id":"cmq20ien80000x8xn6kc4gzqg"},{"id":"cmq1zo8l60000ho5aakfd15qp"}]
[2026-06-07T09:29:35.239Z] [broadcastNotification] Failed. Error: Cannot read properties of undefined (reading 'createMany'). Stack: TypeError: Cannot read properties of undefined (reading 'createMany')
    at broadcastNotification (C:\Users\alira\Desktop\fyp\Final-Year-Project\smart-hotel-template\.next\dev\server\chunks\smart-hotel-template_src_services_notificationService_ts_0v.b5fj._.js:123:203)
    at process.processTicksAndRejections (node:internal/process/task_queues:103:5)
    at async GET (C:\Users\alira\Desktop\fyp\Final-Year-Project\smart-hotel-template\.next\dev\server\chunks\[root-of-the-server]__11rklkc._.js:824:33)
    at async AppRouteRouteModule.do (C:\Users\alira\Desktop\fyp\Final-Year-Project\smart-hotel-template\node_modules\next\dist\compiled\next-server\app-route-turbo.runtime.dev.js:5:40115)
    at async AppRouteRouteModule.handle (C:\Users\alira\Desktop\fyp\Final-Year-Project\smart-hotel-template\node_modules\next\dist\compiled\next-server\app-route-turbo.runtime.dev.js:5:47395)
    at async responseGenerator (C:\Users\alira\Desktop\fyp\Final-Year-Project\smart-hotel-template\.next\dev\server\chunks\[root-of-the-server]__0ofzhrs._.js:23561:38)
    at async AppRouteRouteModule.handleResponse (C:\Users\alira\Desktop\fyp\Final-Year-Project\smart-hotel-template\node_modules\next\dist\compiled\next-server\app-route-turbo.runtime.dev.js:1:228552)
    at async handleResponse (C:\Users\alira\Desktop\fyp\Final-Year-Project\smart-hotel-template\.next\dev\server\chunks\[root-of-the-server]__0ofzhrs._.js:23624:32)
    at async Module.handler (C:\Users\alira\Desktop\fyp\Final-Year-Project\smart-hotel-template\.next\dev\server\chunks\[root-of-the-server]__0ofzhrs._.js:23678:13)
    at async DevServer.renderToResponseWithComponentsImpl (C:\Users\alira\Desktop\fyp\Final-Year-Project\smart-hotel-template\node_modules\next\dist\server\base-server.js:1462:9)
    at async DevServer.renderPageComponent (C:\Users\alira\Desktop\fyp\Final-Year-Project\smart-hotel-template\node_modules\next\dist\server\base-server.js:1514:24)
    at async DevServer.renderToResponseImpl (C:\Users\alira\Desktop\fyp\Final-Year-Project\smart-hotel-template\node_modules\next\dist\server\base-server.js:1564:32)
    at async DevServer.pipeImpl (C:\Users\alira\Desktop\fyp\Final-Year-Project\smart-hotel-template\node_modules\next\dist\server\base-server.js:1044:25)
    at async NextNodeServer.handleCatchallRenderRequest (C:\Users\alira\Desktop\fyp\Final-Year-Project\smart-hotel-template\node_modules\next\dist\server\next-server.js:338:17)
    at async DevServer.handleRequestImpl (C:\Users\alira\Desktop\fyp\Final-Year-Project\smart-hotel-template\node_modules\next\dist\server\base-server.js:935:17)
    at async C:\Users\alira\Desktop\fyp\Final-Year-Project\smart-hotel-template\node_modules\next\dist\server\dev\next-dev-server.js:394:20
    at async Span.traceAsyncFn (C:\Users\alira\Desktop\fyp\Final-Year-Project\smart-hotel-template\node_modules\next\dist\trace\trace.js:164:20)
    at async DevServer.handleRequest (C:\Users\alira\Desktop\fyp\Final-Year-Project\smart-hotel-template\node_modules\next\dist\server\dev\next-dev-server.js:390:24)
    at async invokeRender (C:\Users\alira\Desktop\fyp\Final-Year-Project\smart-hotel-template\node_modules\next\dist\server\lib\router-server.js:266:21)
    at async handleRequest (C:\Users\alira\Desktop\fyp\Final-Year-Project\smart-hotel-template\node_modules\next\dist\server\lib\router-server.js:465:24)
    at async requestHandlerImpl (C:\Users\alira\Desktop\fyp\Final-Year-Project\smart-hotel-template\node_modules\next\dist\server\lib\router-server.js:514:13)
    at async Server.requestListener (C:\Users\alira\Desktop\fyp\Final-Year-Project\smart-hotel-template\node_modules\next\dist\server\lib\start-server.js:225:13)
